[0.154s] Invoking command in '/home/madjid/devtest_ws_cbm/build/rf2o_laser_odometry': CMAKE_PREFIX_PATH=${CMAKE_PREFIX_PATH}:/home/madjid/devtest_ws_cbm/install/my_doosan_pkg:/opt/ros/humble /usr/bin/cmake --build /home/madjid/devtest_ws_cbm/build/rf2o_laser_odometry -- -j4 -l4
[0.255s] [ 60%] Built target rf2o_laser_odometry_node
[0.255s] [100%] Built target rf2o_laser_odometry
[0.273s] Invoked command in '/home/madjid/devtest_ws_cbm/build/rf2o_laser_odometry' returned '0': CMAKE_PREFIX_PATH=${CMAKE_PREFIX_PATH}:/home/madjid/devtest_ws_cbm/install/my_doosan_pkg:/opt/ros/humble /usr/bin/cmake --build /home/madjid/devtest_ws_cbm/build/rf2o_laser_odometry -- -j4 -l4
[0.378s] Invoking command in '/home/madjid/devtest_ws_cbm/build/rf2o_laser_odometry': CMAKE_PREFIX_PATH=${CMAKE_PREFIX_PATH}:/home/madjid/devtest_ws_cbm/install/my_doosan_pkg:/opt/ros/humble /usr/bin/cmake --install /home/madjid/devtest_ws_cbm/build/rf2o_laser_odometry
[0.388s] -- Install configuration: ""
[0.390s] -- Execute custom install script
[0.391s] -- Up-to-date symlink: /home/madjid/devtest_ws_cbm/install/rf2o_laser_odometry/lib/rf2o_laser_odometry/rf2o_laser_odometry_node
[0.392s] -- Up-to-date symlink: /home/madjid/devtest_ws_cbm/install/rf2o_laser_odometry/share/rf2o_laser_odometry/launch/rf2o_laser_odometry.launch.py
[0.393s] -- Up-to-date symlink: /home/madjid/devtest_ws_cbm/install/rf2o_laser_odometry/share/ament_index/resource_index/package_run_dependencies/rf2o_laser_odometry
[0.395s] -- Up-to-date symlink: /home/madjid/devtest_ws_cbm/install/rf2o_laser_odometry/share/ament_index/resource_index/parent_prefix_path/rf2o_laser_odometry
[0.396s] -- Up-to-date symlink: /home/madjid/devtest_ws_cbm/install/rf2o_laser_odometry/share/rf2o_laser_odometry/environment/ament_prefix_path.sh
[0.398s] -- Up-to-date symlink: /home/madjid/devtest_ws_cbm/install/rf2o_laser_odometry/share/rf2o_laser_odometry/environment/ament_prefix_path.dsv
[0.400s] -- Up-to-date symlink: /home/madjid/devtest_ws_cbm/install/rf2o_laser_odometry/share/rf2o_laser_odometry/environment/path.sh
[0.401s] -- Up-to-date symlink: /home/madjid/devtest_ws_cbm/install/rf2o_laser_odometry/share/rf2o_laser_odometry/environment/path.dsv
[0.404s] -- Up-to-date symlink: /home/madjid/devtest_ws_cbm/install/rf2o_laser_odometry/share/rf2o_laser_odometry/local_setup.bash
[0.404s] -- Up-to-date symlink: /home/madjid/devtest_ws_cbm/install/rf2o_laser_odometry/share/rf2o_laser_odometry/local_setup.sh
[0.405s] -- Up-to-date symlink: /home/madjid/devtest_ws_cbm/install/rf2o_laser_odometry/share/rf2o_laser_odometry/local_setup.zsh
[0.406s] -- Up-to-date symlink: /home/madjid/devtest_ws_cbm/install/rf2o_laser_odometry/share/rf2o_laser_odometry/local_setup.dsv
[0.407s] -- Symlinking: /home/madjid/devtest_ws_cbm/install/rf2o_laser_odometry/share/rf2o_laser_odometry/package.dsv
[0.410s] -- Up-to-date symlink: /home/madjid/devtest_ws_cbm/install/rf2o_laser_odometry/share/ament_index/resource_index/packages/rf2o_laser_odometry
[0.412s] -- Up-to-date symlink: /home/madjid/devtest_ws_cbm/install/rf2o_laser_odometry/share/rf2o_laser_odometry/cmake/rf2o_laser_odometryConfig.cmake
[0.413s] -- Up-to-date symlink: /home/madjid/devtest_ws_cbm/install/rf2o_laser_odometry/share/rf2o_laser_odometry/cmake/rf2o_laser_odometryConfig-version.cmake
[0.415s] -- Up-to-date symlink: /home/madjid/devtest_ws_cbm/install/rf2o_laser_odometry/share/rf2o_laser_odometry/package.xml
[0.521s] Invoked command in '/home/madjid/devtest_ws_cbm/build/rf2o_laser_odometry' returned '0': CMAKE_PREFIX_PATH=${CMAKE_PREFIX_PATH}:/home/madjid/devtest_ws_cbm/install/my_doosan_pkg:/opt/ros/humble /usr/bin/cmake --install /home/madjid/devtest_ws_cbm/build/rf2o_laser_odometry
