[0.105s] Invoking command in '/home/madjid/devtest_ws_cbm/build/rf2o_laser_odometry': CMAKE_PREFIX_PATH=${CMAKE_PREFIX_PATH}:/home/madjid/devtest_ws_cbm/install/my_doosan_pkg:/opt/ros/humble /usr/bin/cmake --build /home/madjid/devtest_ws_cbm/build/rf2o_laser_odometry -- -j4 -l4
[0.173s] [ 40%] Built target rf2o_laser_odometry
[0.174s] [100%] Built target rf2o_laser_odometry_node
[0.190s] Invoked command in '/home/madjid/devtest_ws_cbm/build/rf2o_laser_odometry' returned '0': CMAKE_PREFIX_PATH=${CMAKE_PREFIX_PATH}:/home/madjid/devtest_ws_cbm/install/my_doosan_pkg:/opt/ros/humble /usr/bin/cmake --build /home/madjid/devtest_ws_cbm/build/rf2o_laser_odometry -- -j4 -l4
[0.307s] Invoking command in '/home/madjid/devtest_ws_cbm/build/rf2o_laser_odometry': CMAKE_PREFIX_PATH=${CMAKE_PREFIX_PATH}:/home/madjid/devtest_ws_cbm/install/my_doosan_pkg:/opt/ros/humble /usr/bin/cmake --install /home/madjid/devtest_ws_cbm/build/rf2o_laser_odometry
[0.317s] -- Install configuration: ""
[0.317s] -- Execute custom install script
[0.318s] -- Up-to-date symlink: /home/madjid/devtest_ws_cbm/install/rf2o_laser_odometry/lib/rf2o_laser_odometry/rf2o_laser_odometry_node
[0.318s] -- Up-to-date symlink: /home/madjid/devtest_ws_cbm/install/rf2o_laser_odometry/share/rf2o_laser_odometry/launch/rf2o_laser_odometry.launch.py
[0.319s] -- Up-to-date symlink: /home/madjid/devtest_ws_cbm/install/rf2o_laser_odometry/share/ament_index/resource_index/package_run_dependencies/rf2o_laser_odometry
[0.320s] -- Up-to-date symlink: /home/madjid/devtest_ws_cbm/install/rf2o_laser_odometry/share/ament_index/resource_index/parent_prefix_path/rf2o_laser_odometry
[0.320s] -- Up-to-date symlink: /home/madjid/devtest_ws_cbm/install/rf2o_laser_odometry/share/rf2o_laser_odometry/environment/ament_prefix_path.sh
[0.320s] -- Up-to-date symlink: /home/madjid/devtest_ws_cbm/install/rf2o_laser_odometry/share/rf2o_laser_odometry/environment/ament_prefix_path.dsv
[0.321s] -- Up-to-date symlink: /home/madjid/devtest_ws_cbm/install/rf2o_laser_odometry/share/rf2o_laser_odometry/environment/path.sh
[0.321s] -- Up-to-date symlink: /home/madjid/devtest_ws_cbm/install/rf2o_laser_odometry/share/rf2o_laser_odometry/environment/path.dsv
[0.322s] -- Up-to-date symlink: /home/madjid/devtest_ws_cbm/install/rf2o_laser_odometry/share/rf2o_laser_odometry/local_setup.bash
[0.322s] -- Up-to-date symlink: /home/madjid/devtest_ws_cbm/install/rf2o_laser_odometry/share/rf2o_laser_odometry/local_setup.sh
[0.322s] -- Up-to-date symlink: /home/madjid/devtest_ws_cbm/install/rf2o_laser_odometry/share/rf2o_laser_odometry/local_setup.zsh
[0.323s] -- Up-to-date symlink: /home/madjid/devtest_ws_cbm/install/rf2o_laser_odometry/share/rf2o_laser_odometry/local_setup.dsv
[0.323s] -- Symlinking: /home/madjid/devtest_ws_cbm/install/rf2o_laser_odometry/share/rf2o_laser_odometry/package.dsv
[0.329s] -- Up-to-date symlink: /home/madjid/devtest_ws_cbm/install/rf2o_laser_odometry/share/ament_index/resource_index/packages/rf2o_laser_odometry
[0.330s] -- Up-to-date symlink: /home/madjid/devtest_ws_cbm/install/rf2o_laser_odometry/share/rf2o_laser_odometry/cmake/rf2o_laser_odometryConfig.cmake
[0.330s] -- Up-to-date symlink: /home/madjid/devtest_ws_cbm/install/rf2o_laser_odometry/share/rf2o_laser_odometry/cmake/rf2o_laser_odometryConfig-version.cmake
[0.330s] -- Up-to-date symlink: /home/madjid/devtest_ws_cbm/install/rf2o_laser_odometry/share/rf2o_laser_odometry/package.xml
[0.456s] Invoked command in '/home/madjid/devtest_ws_cbm/build/rf2o_laser_odometry' returned '0': CMAKE_PREFIX_PATH=${CMAKE_PREFIX_PATH}:/home/madjid/devtest_ws_cbm/install/my_doosan_pkg:/opt/ros/humble /usr/bin/cmake --install /home/madjid/devtest_ws_cbm/build/rf2o_laser_odometry
