[0.144s] Invoking command in '/home/madjid/devtest_ws_cbm/build/launch_navigation': CMAKE_PREFIX_PATH=${CMAKE_PREFIX_PATH}:/home/madjid/devtest_ws_cbm/install/my_doosan_pkg:/opt/ros/humble /usr/bin/cmake --build /home/madjid/devtest_ws_cbm/build/launch_navigation -- -j4 -l4
[0.205s] Invoked command in '/home/madjid/devtest_ws_cbm/build/launch_navigation' returned '0': CMAKE_PREFIX_PATH=${CMAKE_PREFIX_PATH}:/home/madjid/devtest_ws_cbm/install/my_doosan_pkg:/opt/ros/humble /usr/bin/cmake --build /home/madjid/devtest_ws_cbm/build/launch_navigation -- -j4 -l4
[0.241s] Invoking command in '/home/madjid/devtest_ws_cbm/build/launch_navigation': CMAKE_PREFIX_PATH=${CMAKE_PREFIX_PATH}:/home/madjid/devtest_ws_cbm/install/my_doosan_pkg:/opt/ros/humble /usr/bin/cmake --install /home/madjid/devtest_ws_cbm/build/launch_navigation
[0.260s] -- Install configuration: ""
[0.260s] -- Execute custom install script
[0.260s] -- Up-to-date symlink: /home/madjid/devtest_ws_cbm/install/launch_navigation/share/launch_navigation/launch/navigation.launch.py
[0.260s] -- Up-to-date symlink: /home/madjid/devtest_ws_cbm/install/launch_navigation/share/launch_navigation/launch/sim_launch_all.launch.py
[0.261s] -- Up-to-date symlink: /home/madjid/devtest_ws_cbm/install/launch_navigation/share/launch_navigation/launch/sim_nav.launch.py
[0.261s] -- Up-to-date symlink: /home/madjid/devtest_ws_cbm/install/launch_navigation/share/launch_navigation/launch/sim_slam.launch.py
[0.261s] -- Up-to-date symlink: /home/madjid/devtest_ws_cbm/install/launch_navigation/share/launch_navigation/map/map1_save.yaml
[0.261s] -- Up-to-date symlink: /home/madjid/devtest_ws_cbm/install/launch_navigation/share/launch_navigation/map/map1_serialize.data
[0.261s] -- Up-to-date symlink: /home/madjid/devtest_ws_cbm/install/launch_navigation/share/launch_navigation/map/map1_serialize.posegraph
[0.261s] -- Up-to-date symlink: /home/madjid/devtest_ws_cbm/install/launch_navigation/share/launch_navigation/map/new_map.data
[0.262s] -- Up-to-date symlink: /home/madjid/devtest_ws_cbm/install/launch_navigation/share/launch_navigation/map/new_map.pgm
[0.262s] -- Up-to-date symlink: /home/madjid/devtest_ws_cbm/install/launch_navigation/share/launch_navigation/map/new_map.posegraph
[0.262s] -- Up-to-date symlink: /home/madjid/devtest_ws_cbm/install/launch_navigation/share/launch_navigation/map/new_map.yaml
[0.262s] -- Up-to-date symlink: /home/madjid/devtest_ws_cbm/install/launch_navigation/share/launch_navigation/rviz/nav.rviz
[0.262s] -- Up-to-date symlink: /home/madjid/devtest_ws_cbm/install/launch_navigation/share/launch_navigation/rviz/slam.rviz
[0.263s] -- Up-to-date symlink: /home/madjid/devtest_ws_cbm/install/launch_navigation/share/launch_navigation/config/box_filter.yaml
[0.263s] -- Up-to-date symlink: /home/madjid/devtest_ws_cbm/install/launch_navigation/share/launch_navigation/config/mapper_params_offline.yaml
[0.263s] -- Up-to-date symlink: /home/madjid/devtest_ws_cbm/install/launch_navigation/share/launch_navigation/config/range_filter.yaml
[0.263s] -- Up-to-date symlink: /home/madjid/devtest_ws_cbm/install/launch_navigation/share/launch_navigation/config/sim_navigation.yaml
[0.263s] -- Up-to-date symlink: /home/madjid/devtest_ws_cbm/install/launch_navigation/share/launch_navigation/config/sim_slam.yaml
[0.263s] -- Up-to-date symlink: /home/madjid/devtest_ws_cbm/install/launch_navigation/share/ament_index/resource_index/package_run_dependencies/launch_navigation
[0.263s] -- Up-to-date symlink: /home/madjid/devtest_ws_cbm/install/launch_navigation/share/ament_index/resource_index/parent_prefix_path/launch_navigation
[0.263s] -- Up-to-date symlink: /home/madjid/devtest_ws_cbm/install/launch_navigation/share/launch_navigation/environment/ament_prefix_path.sh
[0.263s] -- Up-to-date symlink: /home/madjid/devtest_ws_cbm/install/launch_navigation/share/launch_navigation/environment/ament_prefix_path.dsv
[0.263s] -- Up-to-date symlink: /home/madjid/devtest_ws_cbm/install/launch_navigation/share/launch_navigation/environment/path.sh
[0.263s] -- Up-to-date symlink: /home/madjid/devtest_ws_cbm/install/launch_navigation/share/launch_navigation/environment/path.dsv
[0.264s] -- Up-to-date symlink: /home/madjid/devtest_ws_cbm/install/launch_navigation/share/launch_navigation/local_setup.bash
[0.264s] -- Up-to-date symlink: /home/madjid/devtest_ws_cbm/install/launch_navigation/share/launch_navigation/local_setup.sh
[0.264s] -- Up-to-date symlink: /home/madjid/devtest_ws_cbm/install/launch_navigation/share/launch_navigation/local_setup.zsh
[0.264s] -- Up-to-date symlink: /home/madjid/devtest_ws_cbm/install/launch_navigation/share/launch_navigation/local_setup.dsv
[0.264s] -- Symlinking: /home/madjid/devtest_ws_cbm/install/launch_navigation/share/launch_navigation/package.dsv
[0.275s] -- Up-to-date symlink: /home/madjid/devtest_ws_cbm/install/launch_navigation/share/ament_index/resource_index/packages/launch_navigation
[0.275s] -- Up-to-date symlink: /home/madjid/devtest_ws_cbm/install/launch_navigation/share/launch_navigation/cmake/launch_navigationConfig.cmake
[0.275s] -- Up-to-date symlink: /home/madjid/devtest_ws_cbm/install/launch_navigation/share/launch_navigation/cmake/launch_navigationConfig-version.cmake
[0.275s] -- Up-to-date symlink: /home/madjid/devtest_ws_cbm/install/launch_navigation/share/launch_navigation/package.xml
[0.336s] Invoked command in '/home/madjid/devtest_ws_cbm/build/launch_navigation' returned '0': CMAKE_PREFIX_PATH=${CMAKE_PREFIX_PATH}:/home/madjid/devtest_ws_cbm/install/my_doosan_pkg:/opt/ros/humble /usr/bin/cmake --install /home/madjid/devtest_ws_cbm/build/launch_navigation
