/usr/lib/python3/dist-packages/setuptools/dist.py:723: UserWarning: Usage of dash-separated 'script-dir' will not be supported in future versions. Please use the underscore name 'script_dir' instead
  warnings.warn(
running develop
/usr/lib/python3/dist-packages/setuptools/command/easy_install.py:158: EasyInstallDeprecationWarning: easy_install command is deprecated. Use build and pip and other standards-based tools.
  warnings.warn(
/usr/lib/python3/dist-packages/setuptools/command/install.py:34: SetuptoolsDeprecationWarning: setup.py install is deprecated. Use build and pip and other standards-based tools.
  warnings.warn(
Removing /home/madjid/devtest_ws_cbm/install/my_doosan_pkg/lib/python3.10/site-packages/my-doosan-pkg.egg-link (link to .)
/usr/lib/python3/dist-packages/setuptools/dist.py:723: UserWarning: Usage of dash-separated 'script-dir' will not be supported in future versions. Please use the underscore name 'script_dir' instead
  warnings.warn(
running egg_info
writing ../../../build/my_doosan_pkg/my_doosan_pkg.egg-info/PKG-INFO
writing dependency_links to ../../../build/my_doosan_pkg/my_doosan_pkg.egg-info/dependency_links.txt
writing entry points to ../../../build/my_doosan_pkg/my_doosan_pkg.egg-info/entry_points.txt
writing requirements to ../../../build/my_doosan_pkg/my_doosan_pkg.egg-info/requires.txt
writing top-level names to ../../../build/my_doosan_pkg/my_doosan_pkg.egg-info/top_level.txt
reading manifest file '../../../build/my_doosan_pkg/my_doosan_pkg.egg-info/SOURCES.txt'
writing manifest file '../../../build/my_doosan_pkg/my_doosan_pkg.egg-info/SOURCES.txt'
running build
running build_py
creating /home/madjid/devtest_ws_cbm/build/my_doosan_pkg/build
creating /home/madjid/devtest_ws_cbm/build/my_doosan_pkg/build/lib
creating /home/madjid/devtest_ws_cbm/build/my_doosan_pkg/build/lib/my_doosan_pkg
copying my_doosan_pkg/__init__.py -> /home/madjid/devtest_ws_cbm/build/my_doosan_pkg/build/lib/my_doosan_pkg
copying my_doosan_pkg/joint_points_topic.py -> /home/madjid/devtest_ws_cbm/build/my_doosan_pkg/build/lib/my_doosan_pkg
copying my_doosan_pkg/joint_points_act_service.py -> /home/madjid/devtest_ws_cbm/build/my_doosan_pkg/build/lib/my_doosan_pkg
running install
running install_lib
/usr/lib/python3/dist-packages/setuptools/command/install.py:34: SetuptoolsDeprecationWarning: setup.py install is deprecated. Use build and pip and other standards-based tools.
  warnings.warn(
creating /home/madjid/devtest_ws_cbm/install/my_doosan_pkg/lib/python3.10/site-packages/my_doosan_pkg
copying /home/madjid/devtest_ws_cbm/build/my_doosan_pkg/build/lib/my_doosan_pkg/__init__.py -> /home/madjid/devtest_ws_cbm/install/my_doosan_pkg/lib/python3.10/site-packages/my_doosan_pkg
copying /home/madjid/devtest_ws_cbm/build/my_doosan_pkg/build/lib/my_doosan_pkg/joint_points_topic.py -> /home/madjid/devtest_ws_cbm/install/my_doosan_pkg/lib/python3.10/site-packages/my_doosan_pkg
copying /home/madjid/devtest_ws_cbm/build/my_doosan_pkg/build/lib/my_doosan_pkg/joint_points_act_service.py -> /home/madjid/devtest_ws_cbm/install/my_doosan_pkg/lib/python3.10/site-packages/my_doosan_pkg
byte-compiling /home/madjid/devtest_ws_cbm/install/my_doosan_pkg/lib/python3.10/site-packages/my_doosan_pkg/__init__.py to __init__.cpython-310.pyc
byte-compiling /home/madjid/devtest_ws_cbm/install/my_doosan_pkg/lib/python3.10/site-packages/my_doosan_pkg/joint_points_topic.py to joint_points_topic.cpython-310.pyc
byte-compiling /home/madjid/devtest_ws_cbm/install/my_doosan_pkg/lib/python3.10/site-packages/my_doosan_pkg/joint_points_act_service.py to joint_points_act_service.cpython-310.pyc
running install_data
running install_egg_info
Copying ../../../build/my_doosan_pkg/my_doosan_pkg.egg-info to /home/madjid/devtest_ws_cbm/install/my_doosan_pkg/lib/python3.10/site-packages/my_doosan_pkg-0.0.0-py3.10.egg-info
running install_scripts
Installing trajectory_points_act_server script to /home/madjid/devtest_ws_cbm/install/my_doosan_pkg/lib/my_doosan_pkg
Installing trajectory_points_topic script to /home/madjid/devtest_ws_cbm/install/my_doosan_pkg/lib/my_doosan_pkg
writing list of installed files to '/home/madjid/devtest_ws_cbm/build/my_doosan_pkg/install.log'
