[0.795s] Invoking command in '/home/madjid/devtest_ws_cbm/build/articubot_one': CMAKE_PREFIX_PATH=${CMAKE_PREFIX_PATH}:/home/madjid/devtest_ws_cbm/install/my_doosan_pkg:/opt/ros/humble /usr/bin/cmake --build /home/madjid/devtest_ws_cbm/build/articubot_one -- -j4 -l4
[2.340s] Invoked command in '/home/madjid/devtest_ws_cbm/build/articubot_one' returned '0': CMAKE_PREFIX_PATH=${CMAKE_PREFIX_PATH}:/home/madjid/devtest_ws_cbm/install/my_doosan_pkg:/opt/ros/humble /usr/bin/cmake --build /home/madjid/devtest_ws_cbm/build/articubot_one -- -j4 -l4
[2.398s] Invoking command in '/home/madjid/devtest_ws_cbm/build/articubot_one': CMAKE_PREFIX_PATH=${CMAKE_PREFIX_PATH}:/home/madjid/devtest_ws_cbm/install/my_doosan_pkg:/opt/ros/humble /usr/bin/cmake --install /home/madjid/devtest_ws_cbm/build/articubot_one
[2.508s] -- Install configuration: ""
[2.594s] -- Execute custom install script
[2.657s] -- Up-to-date symlink: /home/madjid/devtest_ws_cbm/install/articubot_one/share/articubot_one/config/empty.yaml
[2.673s] -- Up-to-date symlink: /home/madjid/devtest_ws_cbm/install/articubot_one/share/articubot_one/config/mapper_params_offline.yaml
[2.674s] -- Up-to-date symlink: /home/madjid/devtest_ws_cbm/install/articubot_one/share/articubot_one/config/mapper_params_online_async.yaml
[2.748s] -- Up-to-date symlink: /home/madjid/devtest_ws_cbm/install/articubot_one/share/articubot_one/config/mapper_params_online_sync.yaml
[2.748s] -- Up-to-date symlink: /home/madjid/devtest_ws_cbm/install/articubot_one/share/articubot_one/config/nav2_params.yaml
[2.750s] -- Up-to-date symlink: /home/madjid/devtest_ws_cbm/install/articubot_one/share/articubot_one/description/cloudy_v2_properties.urdf.xacro
[2.751s] -- Up-to-date symlink: /home/madjid/devtest_ws_cbm/install/articubot_one/share/articubot_one/description/deph_camera.xacro
[2.751s] -- Up-to-date symlink: /home/madjid/devtest_ws_cbm/install/articubot_one/share/articubot_one/description/gazebo_control.xacro
[2.753s] -- Up-to-date symlink: /home/madjid/devtest_ws_cbm/install/articubot_one/share/articubot_one/description/inertial_macros.xacro
[2.754s] -- Up-to-date symlink: /home/madjid/devtest_ws_cbm/install/articubot_one/share/articubot_one/description/laser.xacro
[2.754s] -- Up-to-date symlink: /home/madjid/devtest_ws_cbm/install/articubot_one/share/articubot_one/description/meshes/a0912_blue/A0912_0_0.dae
[2.754s] -- Up-to-date symlink: /home/madjid/devtest_ws_cbm/install/articubot_one/share/articubot_one/description/meshes/a0912_blue/A0912_1_0.dae
[2.754s] -- Up-to-date symlink: /home/madjid/devtest_ws_cbm/install/articubot_one/share/articubot_one/description/meshes/a0912_blue/A0912_1_1.dae
[2.754s] -- Up-to-date symlink: /home/madjid/devtest_ws_cbm/install/articubot_one/share/articubot_one/description/meshes/a0912_blue/A0912_1_2.dae
[2.754s] -- Up-to-date symlink: /home/madjid/devtest_ws_cbm/install/articubot_one/share/articubot_one/description/meshes/a0912_blue/A0912_2_0.dae
[2.755s] -- Up-to-date symlink: /home/madjid/devtest_ws_cbm/install/articubot_one/share/articubot_one/description/meshes/a0912_blue/A0912_2_1.dae
[2.755s] -- Up-to-date symlink: /home/madjid/devtest_ws_cbm/install/articubot_one/share/articubot_one/description/meshes/a0912_blue/A0912_2_2.dae
[2.755s] -- Up-to-date symlink: /home/madjid/devtest_ws_cbm/install/articubot_one/share/articubot_one/description/meshes/a0912_blue/A0912_3_0.dae
[2.755s] -- Up-to-date symlink: /home/madjid/devtest_ws_cbm/install/articubot_one/share/articubot_one/description/meshes/a0912_blue/A0912_3_1.dae
[2.755s] -- Up-to-date symlink: /home/madjid/devtest_ws_cbm/install/articubot_one/share/articubot_one/description/meshes/a0912_blue/A0912_4_0.dae
[2.755s] -- Up-to-date symlink: /home/madjid/devtest_ws_cbm/install/articubot_one/share/articubot_one/description/meshes/a0912_blue/A0912_4_1.dae
[2.755s] -- Up-to-date symlink: /home/madjid/devtest_ws_cbm/install/articubot_one/share/articubot_one/description/meshes/a0912_blue/A0912_5_0.dae
[2.755s] -- Up-to-date symlink: /home/madjid/devtest_ws_cbm/install/articubot_one/share/articubot_one/description/meshes/a0912_blue/A0912_5_1.dae
[2.755s] -- Up-to-date symlink: /home/madjid/devtest_ws_cbm/install/articubot_one/share/articubot_one/description/meshes/a0912_blue/A0912_6_0.dae
[2.803s] -- Up-to-date symlink: /home/madjid/devtest_ws_cbm/install/articubot_one/share/articubot_one/description/meshes/body_v2.stl
[2.804s] -- Up-to-date symlink: /home/madjid/devtest_ws_cbm/install/articubot_one/share/articubot_one/description/meshes/lidar.stl
[2.805s] -- Up-to-date symlink: /home/madjid/devtest_ws_cbm/install/articubot_one/share/articubot_one/description/meshes/realsense.stl
[2.806s] -- Up-to-date symlink: /home/madjid/devtest_ws_cbm/install/articubot_one/share/articubot_one/description/meshes/wheel_v2.stl
[2.807s] -- Up-to-date symlink: /home/madjid/devtest_ws_cbm/install/articubot_one/share/articubot_one/description/omni_drive.urdf.xacro
[2.861s] -- Up-to-date symlink: /home/madjid/devtest_ws_cbm/install/articubot_one/share/articubot_one/description/robot.urdf.xacro
[2.862s] -- Up-to-date symlink: /home/madjid/devtest_ws_cbm/install/articubot_one/share/articubot_one/description/robot_core.xacro
[2.863s] -- Up-to-date symlink: /home/madjid/devtest_ws_cbm/install/articubot_one/share/articubot_one/description/test.urdf
[2.864s] -- Up-to-date symlink: /home/madjid/devtest_ws_cbm/install/articubot_one/share/articubot_one/description/urdf/a0912.blue.urdf
[2.936s] -- Up-to-date symlink: /home/madjid/devtest_ws_cbm/install/articubot_one/share/articubot_one/description/xacro/a0912.urdf.xacro
[2.952s] -- Up-to-date symlink: /home/madjid/devtest_ws_cbm/install/articubot_one/share/articubot_one/description/xacro/macro.a0912.blue.xacro
[2.954s] -- Up-to-date symlink: /home/madjid/devtest_ws_cbm/install/articubot_one/share/articubot_one/description/xacro/macro.bumper_config.xacro
[2.955s] -- Up-to-date symlink: /home/madjid/devtest_ws_cbm/install/articubot_one/share/articubot_one/description/xacro/macro.gazebo_config_control.xacro
[2.958s] -- Up-to-date symlink: /home/madjid/devtest_ws_cbm/install/articubot_one/share/articubot_one/description/xacro/macro.internal_config.xacro
[2.959s] -- Up-to-date symlink: /home/madjid/devtest_ws_cbm/install/articubot_one/share/articubot_one/description/xacro/macro.transmission.xacro
[2.989s] -- Up-to-date symlink: /home/madjid/devtest_ws_cbm/install/articubot_one/share/articubot_one/launch/gazebo.launch.py
[2.992s] -- Up-to-date symlink: /home/madjid/devtest_ws_cbm/install/articubot_one/share/articubot_one/launch/rsp.launch.py
[2.994s] -- Up-to-date symlink: /home/madjid/devtest_ws_cbm/install/articubot_one/share/articubot_one/worlds/empty.world
[2.996s] -- Up-to-date symlink: /home/madjid/devtest_ws_cbm/install/articubot_one/share/articubot_one/worlds/model.config
[2.997s] -- Up-to-date symlink: /home/madjid/devtest_ws_cbm/install/articubot_one/share/articubot_one/worlds/model.sdf
[2.998s] -- Up-to-date symlink: /home/madjid/devtest_ws_cbm/install/articubot_one/share/articubot_one/worlds/test.world
[3.000s] -- Up-to-date symlink: /home/madjid/devtest_ws_cbm/install/articubot_one/share/articubot_one/worlds/world1.world
[3.002s] -- Up-to-date symlink: /home/madjid/devtest_ws_cbm/install/articubot_one/share/articubot_one/worlds/world1/model.config
[3.004s] -- Up-to-date symlink: /home/madjid/devtest_ws_cbm/install/articubot_one/share/articubot_one/worlds/world1/model.sdf
[3.006s] -- Up-to-date symlink: /home/madjid/devtest_ws_cbm/install/articubot_one/share/ament_index/resource_index/package_run_dependencies/articubot_one
[3.008s] -- Up-to-date symlink: /home/madjid/devtest_ws_cbm/install/articubot_one/share/ament_index/resource_index/parent_prefix_path/articubot_one
[3.011s] -- Up-to-date symlink: /home/madjid/devtest_ws_cbm/install/articubot_one/share/articubot_one/environment/ament_prefix_path.sh
[3.012s] -- Up-to-date symlink: /home/madjid/devtest_ws_cbm/install/articubot_one/share/articubot_one/environment/ament_prefix_path.dsv
[3.014s] -- Up-to-date symlink: /home/madjid/devtest_ws_cbm/install/articubot_one/share/articubot_one/environment/path.sh
[3.015s] -- Up-to-date symlink: /home/madjid/devtest_ws_cbm/install/articubot_one/share/articubot_one/environment/path.dsv
[3.017s] -- Up-to-date symlink: /home/madjid/devtest_ws_cbm/install/articubot_one/share/articubot_one/local_setup.bash
[3.019s] -- Up-to-date symlink: /home/madjid/devtest_ws_cbm/install/articubot_one/share/articubot_one/local_setup.sh
[3.022s] -- Up-to-date symlink: /home/madjid/devtest_ws_cbm/install/articubot_one/share/articubot_one/local_setup.zsh
[3.023s] -- Up-to-date symlink: /home/madjid/devtest_ws_cbm/install/articubot_one/share/articubot_one/local_setup.dsv
[3.023s] -- Symlinking: /home/madjid/devtest_ws_cbm/install/articubot_one/share/articubot_one/package.dsv
[3.038s] -- Up-to-date symlink: /home/madjid/devtest_ws_cbm/install/articubot_one/share/ament_index/resource_index/packages/articubot_one
[3.038s] -- Up-to-date symlink: /home/madjid/devtest_ws_cbm/install/articubot_one/share/articubot_one/cmake/articubot_oneConfig.cmake
[3.039s] -- Up-to-date symlink: /home/madjid/devtest_ws_cbm/install/articubot_one/share/articubot_one/cmake/articubot_oneConfig-version.cmake
[3.040s] -- Up-to-date symlink: /home/madjid/devtest_ws_cbm/install/articubot_one/share/articubot_one/package.xml
[3.601s] Invoked command in '/home/madjid/devtest_ws_cbm/build/articubot_one' returned '0': CMAKE_PREFIX_PATH=${CMAKE_PREFIX_PATH}:/home/madjid/devtest_ws_cbm/install/my_doosan_pkg:/opt/ros/humble /usr/bin/cmake --install /home/madjid/devtest_ws_cbm/build/articubot_one
