/usr/lib/python3/dist-packages/setuptools/dist.py:723: UserWarning: Usage of dash-separated 'script-dir' will not be supported in future versions. Please use the underscore name 'script_dir' instead
  warnings.warn(
running develop
/usr/lib/python3/dist-packages/setuptools/command/easy_install.py:158: EasyInstallDeprecationWarning: easy_install command is deprecated. Use build and pip and other standards-based tools.
  warnings.warn(
/usr/lib/python3/dist-packages/setuptools/command/install.py:34: SetuptoolsDeprecationWarning: setup.py install is deprecated. Use build and pip and other standards-based tools.
  warnings.warn(
running egg_info
writing my_doosan_pkg.egg-info/PKG-INFO
writing dependency_links to my_doosan_pkg.egg-info/dependency_links.txt
writing entry points to my_doosan_pkg.egg-info/entry_points.txt
writing requirements to my_doosan_pkg.egg-info/requires.txt
writing top-level names to my_doosan_pkg.egg-info/top_level.txt
reading manifest file 'my_doosan_pkg.egg-info/SOURCES.txt'
writing manifest file 'my_doosan_pkg.egg-info/SOURCES.txt'
running build_ext
Creating /home/madjid/devtest_ws_cbm/install/my_doosan_pkg/lib/python3.10/site-packages/my-doosan-pkg.egg-link (link to .)
Installing trajectory_points_act_server script to /home/madjid/devtest_ws_cbm/install/my_doosan_pkg/lib/my_doosan_pkg
Installing trajectory_points_topic script to /home/madjid/devtest_ws_cbm/install/my_doosan_pkg/lib/my_doosan_pkg

Installed /home/madjid/devtest_ws_cbm/build/my_doosan_pkg
running install_data
