[1.167s] Invoking command in '/home/madjid/devtest_ws_cbm/build/rf2o_laser_odometry': CMAKE_PREFIX_PATH=${CMAKE_PREFIX_PATH}:/home/madjid/devtest_ws_cbm/install/my_doosan_pkg:/opt/ros/humble /usr/bin/cmake --build /home/madjid/devtest_ws_cbm/build/rf2o_laser_odometry -- -j4 -l4
[4.761s] [ 40%] Built target rf2o_laser_odometry
[4.940s] [100%] Built target rf2o_laser_odometry_node
[4.956s] Invoked command in '/home/madjid/devtest_ws_cbm/build/rf2o_laser_odometry' returned '0': CMAKE_PREFIX_PATH=${CMAKE_PREFIX_PATH}:/home/madjid/devtest_ws_cbm/install/my_doosan_pkg:/opt/ros/humble /usr/bin/cmake --build /home/madjid/devtest_ws_cbm/build/rf2o_laser_odometry -- -j4 -l4
[4.982s] Invoking command in '/home/madjid/devtest_ws_cbm/build/rf2o_laser_odometry': CMAKE_PREFIX_PATH=${CMAKE_PREFIX_PATH}:/home/madjid/devtest_ws_cbm/install/my_doosan_pkg:/opt/ros/humble /usr/bin/cmake --install /home/madjid/devtest_ws_cbm/build/rf2o_laser_odometry
[5.005s] -- Install configuration: ""
[5.061s] -- Execute custom install script
[5.099s] -- Up-to-date symlink: /home/madjid/devtest_ws_cbm/install/rf2o_laser_odometry/lib/rf2o_laser_odometry/rf2o_laser_odometry_node
[5.137s] -- Up-to-date symlink: /home/madjid/devtest_ws_cbm/install/rf2o_laser_odometry/share/rf2o_laser_odometry/launch/rf2o_laser_odometry.launch.py
[5.138s] -- Up-to-date symlink: /home/madjid/devtest_ws_cbm/install/rf2o_laser_odometry/share/ament_index/resource_index/package_run_dependencies/rf2o_laser_odometry
[5.140s] -- Up-to-date symlink: /home/madjid/devtest_ws_cbm/install/rf2o_laser_odometry/share/ament_index/resource_index/parent_prefix_path/rf2o_laser_odometry
[5.142s] -- Up-to-date symlink: /home/madjid/devtest_ws_cbm/install/rf2o_laser_odometry/share/rf2o_laser_odometry/environment/ament_prefix_path.sh
[5.144s] -- Up-to-date symlink: /home/madjid/devtest_ws_cbm/install/rf2o_laser_odometry/share/rf2o_laser_odometry/environment/ament_prefix_path.dsv
[5.146s] -- Up-to-date symlink: /home/madjid/devtest_ws_cbm/install/rf2o_laser_odometry/share/rf2o_laser_odometry/environment/path.sh
[5.147s] -- Up-to-date symlink: /home/madjid/devtest_ws_cbm/install/rf2o_laser_odometry/share/rf2o_laser_odometry/environment/path.dsv
[5.148s] -- Up-to-date symlink: /home/madjid/devtest_ws_cbm/install/rf2o_laser_odometry/share/rf2o_laser_odometry/local_setup.bash
[5.198s] -- Up-to-date symlink: /home/madjid/devtest_ws_cbm/install/rf2o_laser_odometry/share/rf2o_laser_odometry/local_setup.sh
[5.199s] -- Up-to-date symlink: /home/madjid/devtest_ws_cbm/install/rf2o_laser_odometry/share/rf2o_laser_odometry/local_setup.zsh
[5.199s] -- Up-to-date symlink: /home/madjid/devtest_ws_cbm/install/rf2o_laser_odometry/share/rf2o_laser_odometry/local_setup.dsv
[5.199s] -- Symlinking: /home/madjid/devtest_ws_cbm/install/rf2o_laser_odometry/share/rf2o_laser_odometry/package.dsv
[5.210s] -- Up-to-date symlink: /home/madjid/devtest_ws_cbm/install/rf2o_laser_odometry/share/ament_index/resource_index/packages/rf2o_laser_odometry
[5.211s] -- Up-to-date symlink: /home/madjid/devtest_ws_cbm/install/rf2o_laser_odometry/share/rf2o_laser_odometry/cmake/rf2o_laser_odometryConfig.cmake
[5.212s] -- Up-to-date symlink: /home/madjid/devtest_ws_cbm/install/rf2o_laser_odometry/share/rf2o_laser_odometry/cmake/rf2o_laser_odometryConfig-version.cmake
[5.213s] -- Up-to-date symlink: /home/madjid/devtest_ws_cbm/install/rf2o_laser_odometry/share/rf2o_laser_odometry/package.xml
[5.221s] Invoked command in '/home/madjid/devtest_ws_cbm/build/rf2o_laser_odometry' returned '0': CMAKE_PREFIX_PATH=${CMAKE_PREFIX_PATH}:/home/madjid/devtest_ws_cbm/install/my_doosan_pkg:/opt/ros/humble /usr/bin/cmake --install /home/madjid/devtest_ws_cbm/build/rf2o_laser_odometry
