[1.208s] Invoking command in '/home/madjid/devtest_ws_cbm/build/articubot_one': CMAKE_PREFIX_PATH=${CMAKE_PREFIX_PATH}:/home/madjid/devtest_ws_cbm/install/my_doosan_pkg:/opt/ros/humble /usr/bin/cmake --build /home/madjid/devtest_ws_cbm/build/articubot_one -- -j4 -l4
[2.348s] Invoked command in '/home/madjid/devtest_ws_cbm/build/articubot_one' returned '0': CMAKE_PREFIX_PATH=${CMAKE_PREFIX_PATH}:/home/madjid/devtest_ws_cbm/install/my_doosan_pkg:/opt/ros/humble /usr/bin/cmake --build /home/madjid/devtest_ws_cbm/build/articubot_one -- -j4 -l4
[2.462s] Invoking command in '/home/madjid/devtest_ws_cbm/build/articubot_one': CMAKE_PREFIX_PATH=${CMAKE_PREFIX_PATH}:/home/madjid/devtest_ws_cbm/install/my_doosan_pkg:/opt/ros/humble /usr/bin/cmake --install /home/madjid/devtest_ws_cbm/build/articubot_one
[2.521s] -- Install configuration: ""
[2.523s] -- Execute custom install script
[2.525s] -- Up-to-date symlink: /home/madjid/devtest_ws_cbm/install/articubot_one/share/articubot_one/config/empty.yaml
[2.525s] -- Up-to-date symlink: /home/madjid/devtest_ws_cbm/install/articubot_one/share/articubot_one/config/mapper_params_offline.yaml
[2.526s] -- Up-to-date symlink: /home/madjid/devtest_ws_cbm/install/articubot_one/share/articubot_one/config/mapper_params_online_async.yaml
[2.527s] -- Up-to-date symlink: /home/madjid/devtest_ws_cbm/install/articubot_one/share/articubot_one/config/mapper_params_online_sync.yaml
[2.528s] -- Up-to-date symlink: /home/madjid/devtest_ws_cbm/install/articubot_one/share/articubot_one/config/nav2_params.yaml
[2.530s] -- Up-to-date symlink: /home/madjid/devtest_ws_cbm/install/articubot_one/share/articubot_one/description/cloudy_v2_properties.urdf.xacro
[2.531s] -- Up-to-date symlink: /home/madjid/devtest_ws_cbm/install/articubot_one/share/articubot_one/description/deph_camera.xacro
[2.532s] -- Up-to-date symlink: /home/madjid/devtest_ws_cbm/install/articubot_one/share/articubot_one/description/gazebo_control.xacro
[2.532s] -- Up-to-date symlink: /home/madjid/devtest_ws_cbm/install/articubot_one/share/articubot_one/description/inertial_macros.xacro
[2.533s] -- Up-to-date symlink: /home/madjid/devtest_ws_cbm/install/articubot_one/share/articubot_one/description/laser.xacro
[2.534s] -- Up-to-date symlink: /home/madjid/devtest_ws_cbm/install/articubot_one/share/articubot_one/description/meshes/a0912_blue/A0912_0_0.dae
[2.535s] -- Up-to-date symlink: /home/madjid/devtest_ws_cbm/install/articubot_one/share/articubot_one/description/meshes/a0912_blue/A0912_1_0.dae
[2.535s] -- Up-to-date symlink: /home/madjid/devtest_ws_cbm/install/articubot_one/share/articubot_one/description/meshes/a0912_blue/A0912_1_1.dae
[2.536s] -- Up-to-date symlink: /home/madjid/devtest_ws_cbm/install/articubot_one/share/articubot_one/description/meshes/a0912_blue/A0912_1_2.dae
[2.537s] -- Up-to-date symlink: /home/madjid/devtest_ws_cbm/install/articubot_one/share/articubot_one/description/meshes/a0912_blue/A0912_2_0.dae
[2.538s] -- Up-to-date symlink: /home/madjid/devtest_ws_cbm/install/articubot_one/share/articubot_one/description/meshes/a0912_blue/A0912_2_1.dae
[2.539s] -- Up-to-date symlink: /home/madjid/devtest_ws_cbm/install/articubot_one/share/articubot_one/description/meshes/a0912_blue/A0912_2_2.dae
[2.539s] -- Up-to-date symlink: /home/madjid/devtest_ws_cbm/install/articubot_one/share/articubot_one/description/meshes/a0912_blue/A0912_3_0.dae
[2.540s] -- Up-to-date symlink: /home/madjid/devtest_ws_cbm/install/articubot_one/share/articubot_one/description/meshes/a0912_blue/A0912_3_1.dae
[2.542s] -- Up-to-date symlink: /home/madjid/devtest_ws_cbm/install/articubot_one/share/articubot_one/description/meshes/a0912_blue/A0912_4_0.dae
[2.544s] -- Up-to-date symlink: /home/madjid/devtest_ws_cbm/install/articubot_one/share/articubot_one/description/meshes/a0912_blue/A0912_4_1.dae
[2.548s] -- Up-to-date symlink: /home/madjid/devtest_ws_cbm/install/articubot_one/share/articubot_one/description/meshes/a0912_blue/A0912_5_0.dae
[2.549s] -- Up-to-date symlink: /home/madjid/devtest_ws_cbm/install/articubot_one/share/articubot_one/description/meshes/a0912_blue/A0912_5_1.dae
[2.565s] -- Up-to-date symlink: /home/madjid/devtest_ws_cbm/install/articubot_one/share/articubot_one/description/meshes/a0912_blue/A0912_6_0.dae
[2.565s] -- Up-to-date symlink: /home/madjid/devtest_ws_cbm/install/articubot_one/share/articubot_one/description/meshes/body_v2.stl
[2.566s] -- Up-to-date symlink: /home/madjid/devtest_ws_cbm/install/articubot_one/share/articubot_one/description/meshes/lidar.stl
[2.567s] -- Up-to-date symlink: /home/madjid/devtest_ws_cbm/install/articubot_one/share/articubot_one/description/meshes/realsense.stl
[2.567s] -- Up-to-date symlink: /home/madjid/devtest_ws_cbm/install/articubot_one/share/articubot_one/description/meshes/wheel_v2.stl
[2.577s] -- Up-to-date symlink: /home/madjid/devtest_ws_cbm/install/articubot_one/share/articubot_one/description/omni_drive.urdf.xacro
[2.579s] -- Up-to-date symlink: /home/madjid/devtest_ws_cbm/install/articubot_one/share/articubot_one/description/robot.urdf.xacro
[2.585s] -- Up-to-date symlink: /home/madjid/devtest_ws_cbm/install/articubot_one/share/articubot_one/description/robot_core.xacro
[2.586s] -- Up-to-date symlink: /home/madjid/devtest_ws_cbm/install/articubot_one/share/articubot_one/description/test.urdf
[2.586s] -- Up-to-date symlink: /home/madjid/devtest_ws_cbm/install/articubot_one/share/articubot_one/description/urdf/a0912.blue.urdf
[2.587s] -- Up-to-date symlink: /home/madjid/devtest_ws_cbm/install/articubot_one/share/articubot_one/description/xacro/a0912.urdf.xacro
[2.587s] -- Up-to-date symlink: /home/madjid/devtest_ws_cbm/install/articubot_one/share/articubot_one/description/xacro/macro.a0912.blue.xacro
[2.588s] -- Up-to-date symlink: /home/madjid/devtest_ws_cbm/install/articubot_one/share/articubot_one/description/xacro/macro.bumper_config.xacro
[2.588s] -- Up-to-date symlink: /home/madjid/devtest_ws_cbm/install/articubot_one/share/articubot_one/description/xacro/macro.gazebo_config_control.xacro
[2.588s] -- Up-to-date symlink: /home/madjid/devtest_ws_cbm/install/articubot_one/share/articubot_one/description/xacro/macro.internal_config.xacro
[2.589s] -- Up-to-date symlink: /home/madjid/devtest_ws_cbm/install/articubot_one/share/articubot_one/description/xacro/macro.transmission.xacro
[2.589s] -- Up-to-date symlink: /home/madjid/devtest_ws_cbm/install/articubot_one/share/articubot_one/launch/gazebo.launch.py
[2.589s] -- Up-to-date symlink: /home/madjid/devtest_ws_cbm/install/articubot_one/share/articubot_one/launch/rsp.launch.py
[2.590s] -- Up-to-date symlink: /home/madjid/devtest_ws_cbm/install/articubot_one/share/articubot_one/worlds/empty.world
[2.590s] -- Up-to-date symlink: /home/madjid/devtest_ws_cbm/install/articubot_one/share/articubot_one/worlds/model.config
[2.591s] -- Up-to-date symlink: /home/madjid/devtest_ws_cbm/install/articubot_one/share/articubot_one/worlds/model.sdf
[2.591s] -- Up-to-date symlink: /home/madjid/devtest_ws_cbm/install/articubot_one/share/articubot_one/worlds/test.world
[2.592s] -- Up-to-date symlink: /home/madjid/devtest_ws_cbm/install/articubot_one/share/articubot_one/worlds/world1.world
[2.600s] -- Up-to-date symlink: /home/madjid/devtest_ws_cbm/install/articubot_one/share/articubot_one/worlds/world1/model.config
[2.601s] -- Up-to-date symlink: /home/madjid/devtest_ws_cbm/install/articubot_one/share/articubot_one/worlds/world1/model.sdf
[2.603s] -- Up-to-date symlink: /home/madjid/devtest_ws_cbm/install/articubot_one/share/ament_index/resource_index/package_run_dependencies/articubot_one
[2.613s] -- Up-to-date symlink: /home/madjid/devtest_ws_cbm/install/articubot_one/share/ament_index/resource_index/parent_prefix_path/articubot_one
[2.614s] -- Up-to-date symlink: /home/madjid/devtest_ws_cbm/install/articubot_one/share/articubot_one/environment/ament_prefix_path.sh
[2.614s] -- Up-to-date symlink: /home/madjid/devtest_ws_cbm/install/articubot_one/share/articubot_one/environment/ament_prefix_path.dsv
[2.615s] -- Up-to-date symlink: /home/madjid/devtest_ws_cbm/install/articubot_one/share/articubot_one/environment/path.sh
[2.616s] -- Up-to-date symlink: /home/madjid/devtest_ws_cbm/install/articubot_one/share/articubot_one/environment/path.dsv
[2.617s] -- Up-to-date symlink: /home/madjid/devtest_ws_cbm/install/articubot_one/share/articubot_one/local_setup.bash
[2.633s] -- Up-to-date symlink: /home/madjid/devtest_ws_cbm/install/articubot_one/share/articubot_one/local_setup.sh
[2.633s] -- Up-to-date symlink: /home/madjid/devtest_ws_cbm/install/articubot_one/share/articubot_one/local_setup.zsh
[2.634s] -- Up-to-date symlink: /home/madjid/devtest_ws_cbm/install/articubot_one/share/articubot_one/local_setup.dsv
[2.634s] -- Symlinking: /home/madjid/devtest_ws_cbm/install/articubot_one/share/articubot_one/package.dsv
[2.636s] -- Up-to-date symlink: /home/madjid/devtest_ws_cbm/install/articubot_one/share/ament_index/resource_index/packages/articubot_one
[2.636s] -- Up-to-date symlink: /home/madjid/devtest_ws_cbm/install/articubot_one/share/articubot_one/cmake/articubot_oneConfig.cmake
[2.637s] -- Up-to-date symlink: /home/madjid/devtest_ws_cbm/install/articubot_one/share/articubot_one/cmake/articubot_oneConfig-version.cmake
[2.637s] -- Up-to-date symlink: /home/madjid/devtest_ws_cbm/install/articubot_one/share/articubot_one/package.xml
[2.646s] Invoked command in '/home/madjid/devtest_ws_cbm/build/articubot_one' returned '0': CMAKE_PREFIX_PATH=${CMAKE_PREFIX_PATH}:/home/madjid/devtest_ws_cbm/install/my_doosan_pkg:/opt/ros/humble /usr/bin/cmake --install /home/madjid/devtest_ws_cbm/build/articubot_one
