[0.289s] Invoking command in '/home/madjid/devtest_ws_cbm/build/rf2o_laser_odometry': CMAKE_PREFIX_PATH=${CMAKE_PREFIX_PATH}:/home/madjid/devtest_ws_cbm/install/my_doosan_pkg:/opt/ros/humble /usr/bin/cmake --build /home/madjid/devtest_ws_cbm/build/rf2o_laser_odometry -- -j4 -l4
[1.962s] [ 40%] Built target rf2o_laser_odometry
[1.985s] [100%] Built target rf2o_laser_odometry_node
[2.117s] Invoked command in '/home/madjid/devtest_ws_cbm/build/rf2o_laser_odometry' returned '0': CMAKE_PREFIX_PATH=${CMAKE_PREFIX_PATH}:/home/madjid/devtest_ws_cbm/install/my_doosan_pkg:/opt/ros/humble /usr/bin/cmake --build /home/madjid/devtest_ws_cbm/build/rf2o_laser_odometry -- -j4 -l4
[2.679s] Invoking command in '/home/madjid/devtest_ws_cbm/build/rf2o_laser_odometry': CMAKE_PREFIX_PATH=${CMAKE_PREFIX_PATH}:/home/madjid/devtest_ws_cbm/install/my_doosan_pkg:/opt/ros/humble /usr/bin/cmake --install /home/madjid/devtest_ws_cbm/build/rf2o_laser_odometry
[2.716s] -- Install configuration: ""
[2.744s] -- Execute custom install script
[2.758s] -- Up-to-date symlink: /home/madjid/devtest_ws_cbm/install/rf2o_laser_odometry/lib/rf2o_laser_odometry/rf2o_laser_odometry_node
[2.759s] -- Up-to-date symlink: /home/madjid/devtest_ws_cbm/install/rf2o_laser_odometry/share/rf2o_laser_odometry/launch/rf2o_laser_odometry.launch.py
[2.760s] -- Up-to-date symlink: /home/madjid/devtest_ws_cbm/install/rf2o_laser_odometry/share/ament_index/resource_index/package_run_dependencies/rf2o_laser_odometry
[2.761s] -- Up-to-date symlink: /home/madjid/devtest_ws_cbm/install/rf2o_laser_odometry/share/ament_index/resource_index/parent_prefix_path/rf2o_laser_odometry
[2.762s] -- Up-to-date symlink: /home/madjid/devtest_ws_cbm/install/rf2o_laser_odometry/share/rf2o_laser_odometry/environment/ament_prefix_path.sh
[2.762s] -- Up-to-date symlink: /home/madjid/devtest_ws_cbm/install/rf2o_laser_odometry/share/rf2o_laser_odometry/environment/ament_prefix_path.dsv
[2.763s] -- Up-to-date symlink: /home/madjid/devtest_ws_cbm/install/rf2o_laser_odometry/share/rf2o_laser_odometry/environment/path.sh
[2.764s] -- Up-to-date symlink: /home/madjid/devtest_ws_cbm/install/rf2o_laser_odometry/share/rf2o_laser_odometry/environment/path.dsv
[2.764s] -- Up-to-date symlink: /home/madjid/devtest_ws_cbm/install/rf2o_laser_odometry/share/rf2o_laser_odometry/local_setup.bash
[2.765s] -- Up-to-date symlink: /home/madjid/devtest_ws_cbm/install/rf2o_laser_odometry/share/rf2o_laser_odometry/local_setup.sh
[2.766s] -- Up-to-date symlink: /home/madjid/devtest_ws_cbm/install/rf2o_laser_odometry/share/rf2o_laser_odometry/local_setup.zsh
[2.766s] -- Up-to-date symlink: /home/madjid/devtest_ws_cbm/install/rf2o_laser_odometry/share/rf2o_laser_odometry/local_setup.dsv
[2.767s] -- Symlinking: /home/madjid/devtest_ws_cbm/install/rf2o_laser_odometry/share/rf2o_laser_odometry/package.dsv
[2.791s] -- Up-to-date symlink: /home/madjid/devtest_ws_cbm/install/rf2o_laser_odometry/share/ament_index/resource_index/packages/rf2o_laser_odometry
[2.791s] -- Up-to-date symlink: /home/madjid/devtest_ws_cbm/install/rf2o_laser_odometry/share/rf2o_laser_odometry/cmake/rf2o_laser_odometryConfig.cmake
[2.792s] -- Up-to-date symlink: /home/madjid/devtest_ws_cbm/install/rf2o_laser_odometry/share/rf2o_laser_odometry/cmake/rf2o_laser_odometryConfig-version.cmake
[2.793s] -- Up-to-date symlink: /home/madjid/devtest_ws_cbm/install/rf2o_laser_odometry/share/rf2o_laser_odometry/package.xml
[2.801s] Invoked command in '/home/madjid/devtest_ws_cbm/build/rf2o_laser_odometry' returned '0': CMAKE_PREFIX_PATH=${CMAKE_PREFIX_PATH}:/home/madjid/devtest_ws_cbm/install/my_doosan_pkg:/opt/ros/humble /usr/bin/cmake --install /home/madjid/devtest_ws_cbm/build/rf2o_laser_odometry
