[0.102s] Invoking command in '/home/madjid/devtest_ws_cbm/build/launch_navigation': CMAKE_PREFIX_PATH=/opt/ros/humble /usr/bin/cmake /home/madjid/devtest_ws_cbm/devtest_ws1/src/launch_navigation -DAMENT_CMAKE_SYMLINK_INSTALL=1 -DCMAKE_INSTALL_PREFIX=/home/madjid/devtest_ws_cbm/install/launch_navigation
[0.617s] -- The C compiler identification is GNU 11.4.0
[1.068s] -- The CXX compiler identification is GNU 11.4.0
[1.105s] -- Detecting C compiler ABI info
[1.204s] -- Detecting C compiler ABI info - done
[1.210s] -- Check for working C compiler: /usr/bin/cc - skipped
[1.211s] -- Detecting C compile features
[1.212s] -- Detecting C compile features - done
[1.215s] -- Detecting CXX compiler ABI info
[1.320s] -- Detecting CXX compiler ABI info - done
[1.327s] -- Check for working CXX compiler: /usr/bin/c++ - skipped
[1.327s] -- Detecting CXX compile features
[1.327s] -- Detecting CXX compile features - done
[1.347s] -- Found ament_cmake: 1.3.5 (/opt/ros/humble/share/ament_cmake/cmake)
[1.496s] -- Found Python3: /usr/bin/python3.10 (found version "3.10.12") found components: Interpreter 
[1.553s] -- Override CMake install command with custom implementation using symlinks instead of copying resources
[1.578s] -- Found ament_lint_auto: 0.12.8 (/opt/ros/humble/share/ament_lint_auto/cmake)
[1.651s] -- Added test 'flake8' to check Python code syntax and style conventions
[1.652s] -- Added test 'lint_cmake' to check CMake code style
[1.653s] -- Added test 'pep257' to check Python code against some of the docstring style conventions in PEP 257
[1.654s] -- Added test 'xmllint' to check XML markup files
[1.655s] -- Configuring done
[1.658s] -- Generating done
[1.659s] -- Build files have been written to: /home/madjid/devtest_ws_cbm/build/launch_navigation
[1.663s] Invoked command in '/home/madjid/devtest_ws_cbm/build/launch_navigation' returned '0': CMAKE_PREFIX_PATH=/opt/ros/humble /usr/bin/cmake /home/madjid/devtest_ws_cbm/devtest_ws1/src/launch_navigation -DAMENT_CMAKE_SYMLINK_INSTALL=1 -DCMAKE_INSTALL_PREFIX=/home/madjid/devtest_ws_cbm/install/launch_navigation
[1.665s] Invoking command in '/home/madjid/devtest_ws_cbm/build/launch_navigation': CMAKE_PREFIX_PATH=/opt/ros/humble /usr/bin/cmake --build /home/madjid/devtest_ws_cbm/build/launch_navigation -- -j4 -l4
[1.706s] Invoked command in '/home/madjid/devtest_ws_cbm/build/launch_navigation' returned '0': CMAKE_PREFIX_PATH=/opt/ros/humble /usr/bin/cmake --build /home/madjid/devtest_ws_cbm/build/launch_navigation -- -j4 -l4
[1.737s] Invoking command in '/home/madjid/devtest_ws_cbm/build/launch_navigation': CMAKE_PREFIX_PATH=/opt/ros/humble /usr/bin/cmake --install /home/madjid/devtest_ws_cbm/build/launch_navigation
[1.744s] -- Install configuration: ""
[1.745s] -- Execute custom install script
[1.745s] -- Symlinking: /home/madjid/devtest_ws_cbm/install/launch_navigation/share/launch_navigation/launch/navigation.launch.py
[1.754s] -- Symlinking: /home/madjid/devtest_ws_cbm/install/launch_navigation/share/launch_navigation/launch/sim_launch_all.launch.py
[1.762s] -- Symlinking: /home/madjid/devtest_ws_cbm/install/launch_navigation/share/launch_navigation/launch/sim_nav.launch.py
[1.770s] -- Symlinking: /home/madjid/devtest_ws_cbm/install/launch_navigation/share/launch_navigation/launch/sim_slam.launch.py
[1.779s] -- Symlinking: /home/madjid/devtest_ws_cbm/install/launch_navigation/share/launch_navigation/map/map1_save.yaml
[1.787s] -- Symlinking: /home/madjid/devtest_ws_cbm/install/launch_navigation/share/launch_navigation/map/map1_serialize.data
[1.798s] -- Symlinking: /home/madjid/devtest_ws_cbm/install/launch_navigation/share/launch_navigation/map/map1_serialize.posegraph
[1.808s] -- Symlinking: /home/madjid/devtest_ws_cbm/install/launch_navigation/share/launch_navigation/map/new_map.data
[1.816s] -- Symlinking: /home/madjid/devtest_ws_cbm/install/launch_navigation/share/launch_navigation/map/new_map.pgm
[1.824s] -- Symlinking: /home/madjid/devtest_ws_cbm/install/launch_navigation/share/launch_navigation/map/new_map.posegraph
[1.832s] -- Symlinking: /home/madjid/devtest_ws_cbm/install/launch_navigation/share/launch_navigation/map/new_map.yaml
[1.840s] -- Symlinking: /home/madjid/devtest_ws_cbm/install/launch_navigation/share/launch_navigation/rviz/nav.rviz
[1.847s] -- Symlinking: /home/madjid/devtest_ws_cbm/install/launch_navigation/share/launch_navigation/rviz/slam.rviz
[1.854s] -- Symlinking: /home/madjid/devtest_ws_cbm/install/launch_navigation/share/launch_navigation/config/box_filter.yaml
[1.862s] -- Symlinking: /home/madjid/devtest_ws_cbm/install/launch_navigation/share/launch_navigation/config/mapper_params_offline.yaml
[1.870s] -- Symlinking: /home/madjid/devtest_ws_cbm/install/launch_navigation/share/launch_navigation/config/range_filter.yaml
[1.877s] -- Symlinking: /home/madjid/devtest_ws_cbm/install/launch_navigation/share/launch_navigation/config/sim_navigation.yaml
[1.885s] -- Symlinking: /home/madjid/devtest_ws_cbm/install/launch_navigation/share/launch_navigation/config/sim_slam.yaml
[1.898s] -- Symlinking: /home/madjid/devtest_ws_cbm/install/launch_navigation/share/ament_index/resource_index/package_run_dependencies/launch_navigation
[1.907s] -- Symlinking: /home/madjid/devtest_ws_cbm/install/launch_navigation/share/ament_index/resource_index/parent_prefix_path/launch_navigation
[1.915s] -- Symlinking: /home/madjid/devtest_ws_cbm/install/launch_navigation/share/launch_navigation/environment/ament_prefix_path.sh
[1.925s] -- Symlinking: /home/madjid/devtest_ws_cbm/install/launch_navigation/share/launch_navigation/environment/ament_prefix_path.dsv
[1.933s] -- Symlinking: /home/madjid/devtest_ws_cbm/install/launch_navigation/share/launch_navigation/environment/path.sh
[1.943s] -- Symlinking: /home/madjid/devtest_ws_cbm/install/launch_navigation/share/launch_navigation/environment/path.dsv
[1.951s] -- Symlinking: /home/madjid/devtest_ws_cbm/install/launch_navigation/share/launch_navigation/local_setup.bash
[1.958s] -- Symlinking: /home/madjid/devtest_ws_cbm/install/launch_navigation/share/launch_navigation/local_setup.sh
[1.966s] -- Symlinking: /home/madjid/devtest_ws_cbm/install/launch_navigation/share/launch_navigation/local_setup.zsh
[1.973s] -- Symlinking: /home/madjid/devtest_ws_cbm/install/launch_navigation/share/launch_navigation/local_setup.dsv
[1.981s] -- Symlinking: /home/madjid/devtest_ws_cbm/install/launch_navigation/share/launch_navigation/package.dsv
[1.989s] -- Symlinking: /home/madjid/devtest_ws_cbm/install/launch_navigation/share/ament_index/resource_index/packages/launch_navigation
[1.997s] -- Symlinking: /home/madjid/devtest_ws_cbm/install/launch_navigation/share/launch_navigation/cmake/launch_navigationConfig.cmake
[2.005s] -- Symlinking: /home/madjid/devtest_ws_cbm/install/launch_navigation/share/launch_navigation/cmake/launch_navigationConfig-version.cmake
[2.012s] -- Symlinking: /home/madjid/devtest_ws_cbm/install/launch_navigation/share/launch_navigation/package.xml
[2.022s] Invoked command in '/home/madjid/devtest_ws_cbm/build/launch_navigation' returned '0': CMAKE_PREFIX_PATH=/opt/ros/humble /usr/bin/cmake --install /home/madjid/devtest_ws_cbm/build/launch_navigation
