[0.301s] Invoking command in '/home/madjid/devtest_ws_cbm/build/articubot_one': CMAKE_PREFIX_PATH=${CMAKE_PREFIX_PATH}:/home/madjid/devtest_ws_cbm/install/my_doosan_pkg:/opt/ros/humble /usr/bin/cmake --build /home/madjid/devtest_ws_cbm/build/articubot_one -- -j4 -l4
[0.381s] Invoked command in '/home/madjid/devtest_ws_cbm/build/articubot_one' returned '0': CMAKE_PREFIX_PATH=${CMAKE_PREFIX_PATH}:/home/madjid/devtest_ws_cbm/install/my_doosan_pkg:/opt/ros/humble /usr/bin/cmake --build /home/madjid/devtest_ws_cbm/build/articubot_one -- -j4 -l4
[0.432s] Invoking command in '/home/madjid/devtest_ws_cbm/build/articubot_one': CMAKE_PREFIX_PATH=${CMAKE_PREFIX_PATH}:/home/madjid/devtest_ws_cbm/install/my_doosan_pkg:/opt/ros/humble /usr/bin/cmake --install /home/madjid/devtest_ws_cbm/build/articubot_one
[0.443s] -- Install configuration: ""
[0.443s] -- Execute custom install script
[0.444s] -- Up-to-date symlink: /home/madjid/devtest_ws_cbm/install/articubot_one/share/articubot_one/config/empty.yaml
[0.444s] -- Up-to-date symlink: /home/madjid/devtest_ws_cbm/install/articubot_one/share/articubot_one/config/mapper_params_offline.yaml
[0.444s] -- Up-to-date symlink: /home/madjid/devtest_ws_cbm/install/articubot_one/share/articubot_one/config/mapper_params_online_async.yaml
[0.444s] -- Up-to-date symlink: /home/madjid/devtest_ws_cbm/install/articubot_one/share/articubot_one/config/mapper_params_online_sync.yaml
[0.444s] -- Up-to-date symlink: /home/madjid/devtest_ws_cbm/install/articubot_one/share/articubot_one/config/nav2_params.yaml
[0.445s] -- Up-to-date symlink: /home/madjid/devtest_ws_cbm/install/articubot_one/share/articubot_one/description/cloudy_v2_properties.urdf.xacro
[0.446s] -- Up-to-date symlink: /home/madjid/devtest_ws_cbm/install/articubot_one/share/articubot_one/description/deph_camera.xacro
[0.447s] -- Up-to-date symlink: /home/madjid/devtest_ws_cbm/install/articubot_one/share/articubot_one/description/gazebo_control.xacro
[0.447s] -- Up-to-date symlink: /home/madjid/devtest_ws_cbm/install/articubot_one/share/articubot_one/description/inertial_macros.xacro
[0.447s] -- Up-to-date symlink: /home/madjid/devtest_ws_cbm/install/articubot_one/share/articubot_one/description/laser.xacro
[0.447s] -- Up-to-date symlink: /home/madjid/devtest_ws_cbm/install/articubot_one/share/articubot_one/description/meshes/a0912_blue/A0912_0_0.dae
[0.447s] -- Up-to-date symlink: /home/madjid/devtest_ws_cbm/install/articubot_one/share/articubot_one/description/meshes/a0912_blue/A0912_1_0.dae
[0.448s] -- Up-to-date symlink: /home/madjid/devtest_ws_cbm/install/articubot_one/share/articubot_one/description/meshes/a0912_blue/A0912_1_1.dae
[0.448s] -- Up-to-date symlink: /home/madjid/devtest_ws_cbm/install/articubot_one/share/articubot_one/description/meshes/a0912_blue/A0912_1_2.dae
[0.449s] -- Up-to-date symlink: /home/madjid/devtest_ws_cbm/install/articubot_one/share/articubot_one/description/meshes/a0912_blue/A0912_2_0.dae
[0.450s] -- Up-to-date symlink: /home/madjid/devtest_ws_cbm/install/articubot_one/share/articubot_one/description/meshes/a0912_blue/A0912_2_1.dae
[0.455s] -- Up-to-date symlink: /home/madjid/devtest_ws_cbm/install/articubot_one/share/articubot_one/description/meshes/a0912_blue/A0912_2_2.dae
[0.455s] -- Up-to-date symlink: /home/madjid/devtest_ws_cbm/install/articubot_one/share/articubot_one/description/meshes/a0912_blue/A0912_3_0.dae
[0.456s] -- Up-to-date symlink: /home/madjid/devtest_ws_cbm/install/articubot_one/share/articubot_one/description/meshes/a0912_blue/A0912_3_1.dae
[0.457s] -- Up-to-date symlink: /home/madjid/devtest_ws_cbm/install/articubot_one/share/articubot_one/description/meshes/a0912_blue/A0912_4_0.dae
[0.457s] -- Up-to-date symlink: /home/madjid/devtest_ws_cbm/install/articubot_one/share/articubot_one/description/meshes/a0912_blue/A0912_4_1.dae
[0.457s] -- Up-to-date symlink: /home/madjid/devtest_ws_cbm/install/articubot_one/share/articubot_one/description/meshes/a0912_blue/A0912_5_0.dae
[0.457s] -- Up-to-date symlink: /home/madjid/devtest_ws_cbm/install/articubot_one/share/articubot_one/description/meshes/a0912_blue/A0912_5_1.dae
[0.457s] -- Up-to-date symlink: /home/madjid/devtest_ws_cbm/install/articubot_one/share/articubot_one/description/meshes/a0912_blue/A0912_6_0.dae
[0.458s] -- Up-to-date symlink: /home/madjid/devtest_ws_cbm/install/articubot_one/share/articubot_one/description/meshes/body_v2.stl
[0.458s] -- Up-to-date symlink: /home/madjid/devtest_ws_cbm/install/articubot_one/share/articubot_one/description/meshes/lidar.stl
[0.458s] -- Up-to-date symlink: /home/madjid/devtest_ws_cbm/install/articubot_one/share/articubot_one/description/meshes/realsense.stl
[0.458s] -- Up-to-date symlink: /home/madjid/devtest_ws_cbm/install/articubot_one/share/articubot_one/description/meshes/wheel_v2.stl
[0.458s] -- Up-to-date symlink: /home/madjid/devtest_ws_cbm/install/articubot_one/share/articubot_one/description/omni_drive.urdf.xacro
[0.458s] -- Up-to-date symlink: /home/madjid/devtest_ws_cbm/install/articubot_one/share/articubot_one/description/robot.urdf.xacro
[0.458s] -- Up-to-date symlink: /home/madjid/devtest_ws_cbm/install/articubot_one/share/articubot_one/description/robot_core.xacro
[0.459s] -- Up-to-date symlink: /home/madjid/devtest_ws_cbm/install/articubot_one/share/articubot_one/description/test.urdf
[0.459s] -- Up-to-date symlink: /home/madjid/devtest_ws_cbm/install/articubot_one/share/articubot_one/description/urdf/a0912.blue.urdf
[0.459s] -- Up-to-date symlink: /home/madjid/devtest_ws_cbm/install/articubot_one/share/articubot_one/description/xacro/a0912.urdf.xacro
[0.459s] -- Up-to-date symlink: /home/madjid/devtest_ws_cbm/install/articubot_one/share/articubot_one/description/xacro/macro.a0912.blue.xacro
[0.460s] -- Up-to-date symlink: /home/madjid/devtest_ws_cbm/install/articubot_one/share/articubot_one/description/xacro/macro.bumper_config.xacro
[0.460s] -- Up-to-date symlink: /home/madjid/devtest_ws_cbm/install/articubot_one/share/articubot_one/description/xacro/macro.gazebo_config_control.xacro
[0.460s] -- Up-to-date symlink: /home/madjid/devtest_ws_cbm/install/articubot_one/share/articubot_one/description/xacro/macro.internal_config.xacro
[0.461s] -- Up-to-date symlink: /home/madjid/devtest_ws_cbm/install/articubot_one/share/articubot_one/description/xacro/macro.transmission.xacro
[0.462s] -- Up-to-date symlink: /home/madjid/devtest_ws_cbm/install/articubot_one/share/articubot_one/launch/gazebo.launch.py
[0.462s] -- Up-to-date symlink: /home/madjid/devtest_ws_cbm/install/articubot_one/share/articubot_one/launch/rsp.launch.py
[0.463s] -- Up-to-date symlink: /home/madjid/devtest_ws_cbm/install/articubot_one/share/articubot_one/worlds/empty.world
[0.464s] -- Up-to-date symlink: /home/madjid/devtest_ws_cbm/install/articubot_one/share/articubot_one/worlds/model.config
[0.480s] -- Up-to-date symlink: /home/madjid/devtest_ws_cbm/install/articubot_one/share/articubot_one/worlds/model.sdf
[0.481s] -- Up-to-date symlink: /home/madjid/devtest_ws_cbm/install/articubot_one/share/articubot_one/worlds/test.world
[0.482s] -- Up-to-date symlink: /home/madjid/devtest_ws_cbm/install/articubot_one/share/articubot_one/worlds/world1.world
[0.482s] -- Up-to-date symlink: /home/madjid/devtest_ws_cbm/install/articubot_one/share/articubot_one/worlds/world1/model.config
[0.482s] -- Up-to-date symlink: /home/madjid/devtest_ws_cbm/install/articubot_one/share/articubot_one/worlds/world1/model.sdf
[0.482s] -- Up-to-date symlink: /home/madjid/devtest_ws_cbm/install/articubot_one/share/ament_index/resource_index/package_run_dependencies/articubot_one
[0.482s] -- Up-to-date symlink: /home/madjid/devtest_ws_cbm/install/articubot_one/share/ament_index/resource_index/parent_prefix_path/articubot_one
[0.483s] -- Up-to-date symlink: /home/madjid/devtest_ws_cbm/install/articubot_one/share/articubot_one/environment/ament_prefix_path.sh
[0.486s] -- Up-to-date symlink: /home/madjid/devtest_ws_cbm/install/articubot_one/share/articubot_one/environment/ament_prefix_path.dsv
[0.488s] -- Up-to-date symlink: /home/madjid/devtest_ws_cbm/install/articubot_one/share/articubot_one/environment/path.sh
[0.490s] -- Up-to-date symlink: /home/madjid/devtest_ws_cbm/install/articubot_one/share/articubot_one/environment/path.dsv
[0.491s] -- Up-to-date symlink: /home/madjid/devtest_ws_cbm/install/articubot_one/share/articubot_one/local_setup.bash
[0.492s] -- Up-to-date symlink: /home/madjid/devtest_ws_cbm/install/articubot_one/share/articubot_one/local_setup.sh
[0.493s] -- Up-to-date symlink: /home/madjid/devtest_ws_cbm/install/articubot_one/share/articubot_one/local_setup.zsh
[0.494s] -- Up-to-date symlink: /home/madjid/devtest_ws_cbm/install/articubot_one/share/articubot_one/local_setup.dsv
[0.496s] -- Symlinking: /home/madjid/devtest_ws_cbm/install/articubot_one/share/articubot_one/package.dsv
[0.497s] -- Up-to-date symlink: /home/madjid/devtest_ws_cbm/install/articubot_one/share/ament_index/resource_index/packages/articubot_one
[0.498s] -- Up-to-date symlink: /home/madjid/devtest_ws_cbm/install/articubot_one/share/articubot_one/cmake/articubot_oneConfig.cmake
[0.499s] -- Up-to-date symlink: /home/madjid/devtest_ws_cbm/install/articubot_one/share/articubot_one/cmake/articubot_oneConfig-version.cmake
[0.502s] -- Up-to-date symlink: /home/madjid/devtest_ws_cbm/install/articubot_one/share/articubot_one/package.xml
[0.516s] Invoked command in '/home/madjid/devtest_ws_cbm/build/articubot_one' returned '0': CMAKE_PREFIX_PATH=${CMAKE_PREFIX_PATH}:/home/madjid/devtest_ws_cbm/install/my_doosan_pkg:/opt/ros/humble /usr/bin/cmake --install /home/madjid/devtest_ws_cbm/build/articubot_one
