[0.091s] Invoking command in '/home/madjid/devtest_ws_cbm/build/rf2o_laser_odometry': CMAKE_PREFIX_PATH=${CMAKE_PREFIX_PATH}:/home/madjid/devtest_ws_cbm/install/my_doosan_pkg:/opt/ros/humble /usr/bin/cmake --build /home/madjid/devtest_ws_cbm/build/rf2o_laser_odometry -- -j4 -l4
[0.161s] [ 40%] Built target rf2o_laser_odometry
[0.171s] [100%] Built target rf2o_laser_odometry_node
[0.185s] Invoked command in '/home/madjid/devtest_ws_cbm/build/rf2o_laser_odometry' returned '0': CMAKE_PREFIX_PATH=${CMAKE_PREFIX_PATH}:/home/madjid/devtest_ws_cbm/install/my_doosan_pkg:/opt/ros/humble /usr/bin/cmake --build /home/madjid/devtest_ws_cbm/build/rf2o_laser_odometry -- -j4 -l4
[0.250s] Invoking command in '/home/madjid/devtest_ws_cbm/build/rf2o_laser_odometry': CMAKE_PREFIX_PATH=${CMAKE_PREFIX_PATH}:/home/madjid/devtest_ws_cbm/install/my_doosan_pkg:/opt/ros/humble /usr/bin/cmake --install /home/madjid/devtest_ws_cbm/build/rf2o_laser_odometry
[0.258s] -- Install configuration: ""
[0.258s] -- Execute custom install script
[0.258s] -- Up-to-date symlink: /home/madjid/devtest_ws_cbm/install/rf2o_laser_odometry/lib/rf2o_laser_odometry/rf2o_laser_odometry_node
[0.258s] -- Up-to-date symlink: /home/madjid/devtest_ws_cbm/install/rf2o_laser_odometry/share/rf2o_laser_odometry/launch/rf2o_laser_odometry.launch.py
[0.258s] -- Up-to-date symlink: /home/madjid/devtest_ws_cbm/install/rf2o_laser_odometry/share/ament_index/resource_index/package_run_dependencies/rf2o_laser_odometry
[0.259s] -- Up-to-date symlink: /home/madjid/devtest_ws_cbm/install/rf2o_laser_odometry/share/ament_index/resource_index/parent_prefix_path/rf2o_laser_odometry
[0.259s] -- Up-to-date symlink: /home/madjid/devtest_ws_cbm/install/rf2o_laser_odometry/share/rf2o_laser_odometry/environment/ament_prefix_path.sh
[0.259s] -- Up-to-date symlink: /home/madjid/devtest_ws_cbm/install/rf2o_laser_odometry/share/rf2o_laser_odometry/environment/ament_prefix_path.dsv
[0.260s] -- Up-to-date symlink: /home/madjid/devtest_ws_cbm/install/rf2o_laser_odometry/share/rf2o_laser_odometry/environment/path.sh
[0.260s] -- Up-to-date symlink: /home/madjid/devtest_ws_cbm/install/rf2o_laser_odometry/share/rf2o_laser_odometry/environment/path.dsv
[0.260s] -- Up-to-date symlink: /home/madjid/devtest_ws_cbm/install/rf2o_laser_odometry/share/rf2o_laser_odometry/local_setup.bash
[0.260s] -- Up-to-date symlink: /home/madjid/devtest_ws_cbm/install/rf2o_laser_odometry/share/rf2o_laser_odometry/local_setup.sh
[0.260s] -- Up-to-date symlink: /home/madjid/devtest_ws_cbm/install/rf2o_laser_odometry/share/rf2o_laser_odometry/local_setup.zsh
[0.261s] -- Up-to-date symlink: /home/madjid/devtest_ws_cbm/install/rf2o_laser_odometry/share/rf2o_laser_odometry/local_setup.dsv
[0.261s] -- Symlinking: /home/madjid/devtest_ws_cbm/install/rf2o_laser_odometry/share/rf2o_laser_odometry/package.dsv
[0.267s] -- Up-to-date symlink: /home/madjid/devtest_ws_cbm/install/rf2o_laser_odometry/share/ament_index/resource_index/packages/rf2o_laser_odometry
[0.267s] -- Up-to-date symlink: /home/madjid/devtest_ws_cbm/install/rf2o_laser_odometry/share/rf2o_laser_odometry/cmake/rf2o_laser_odometryConfig.cmake
[0.268s] -- Up-to-date symlink: /home/madjid/devtest_ws_cbm/install/rf2o_laser_odometry/share/rf2o_laser_odometry/cmake/rf2o_laser_odometryConfig-version.cmake
[0.268s] -- Up-to-date symlink: /home/madjid/devtest_ws_cbm/install/rf2o_laser_odometry/share/rf2o_laser_odometry/package.xml
[0.327s] Invoked command in '/home/madjid/devtest_ws_cbm/build/rf2o_laser_odometry' returned '0': CMAKE_PREFIX_PATH=${CMAKE_PREFIX_PATH}:/home/madjid/devtest_ws_cbm/install/my_doosan_pkg:/opt/ros/humble /usr/bin/cmake --install /home/madjid/devtest_ws_cbm/build/rf2o_laser_odometry
